<?xml version="1.0" encoding="UTF-8"?>
<!-- Generated by org.testng.reporters.JUnitXMLReporter -->
<testsuite ignored="0" hostname="Hunter" failures="0" tests="3" name="Default test" time="3.061" errors="0" timestamp="2026-01-26T12:45:05 IST">
  <testcase classname="addBookAPIClasses.DynamicJson" name="addBook" time="2.58"/>
  <testcase classname="addBookAPIClasses.DynamicJson" name="addBook" time="0.235"/>
  <testcase classname="addBookAPIClasses.DynamicJson" name="addBook" time="0.188"/>
</testsuite> <!-- Default test -->
