<?xml version="1.0" encoding="UTF-8"?>
<!-- Generated by org.testng.reporters.JUnitXMLReporter -->
<testsuite ignored="0" hostname="Hunter" failures="0" tests="3" name="Default test" time="5.986" errors="0" timestamp="2026-02-23T15:23:54 IST">
  <testcase classname="addBookAPIClasses.DynamicJson" name="addBook" time="5.317"/>
  <testcase classname="addBookAPIClasses.DynamicJson" name="addBook" time="0.258"/>
  <testcase classname="addBookAPIClasses.DynamicJson" name="addBook" time="0.224"/>
</testsuite> <!-- Default test -->
