<?xml version="1.0" encoding="UTF-8"?>
<testng-results ignored="0" total="1" passed="1" failed="0" skipped="0">
  <reporter-output>
  </reporter-output>
  <suite started-at="2026-01-22T17:00:10 IST" name="Default suite" finished-at="2026-01-22T17:00:11 IST" duration-ms="1420">
    <groups>
    </groups>
    <test started-at="2026-01-22T17:00:10 IST" name="Default test" finished-at="2026-01-22T17:00:11 IST" duration-ms="1420">
      <class name="addPlaceAPIClasses.SumValidation">
        <test-method signature="sumOfCourses()[pri:0, instance:addPlaceAPIClasses.SumValidation@67d48005]" started-at="2026-01-22T17:00:10 IST" name="sumOfCourses" finished-at="2026-01-22T17:00:11 IST" duration-ms="1366" status="PASS">
          <reporter-output>
          </reporter-output>
        </test-method> <!-- sumOfCourses -->
      </class> <!-- addPlaceAPIClasses.SumValidation -->
    </test> <!-- Default test -->
  </suite> <!-- Default suite -->
</testng-results>
