<?xml version="1.0" encoding="UTF-8"?>
<testng-results ignored="0" total="3" passed="3" failed="0" skipped="0">
  <reporter-output>
  </reporter-output>
  <suite started-at="2026-02-23T15:23:48 IST" name="Default suite" finished-at="2026-02-23T15:23:54 IST" duration-ms="5986">
    <groups>
    </groups>
    <test started-at="2026-02-23T15:23:48 IST" name="Default test" finished-at="2026-02-23T15:23:54 IST" duration-ms="5986">
      <class name="addBookAPIClasses.DynamicJson">
        <test-method signature="addBook(java.lang.String,java.lang.String)[pri:0, instance:addBookAPIClasses.DynamicJson@3a93b025]" started-at="2026-02-23T15:23:48 IST" name="addBook" data-provider="getData" finished-at="2026-02-23T15:23:53 IST" duration-ms="5317" status="PASS">
          <params>
            <param index="0">
              <value>
                <![CDATA[def]]>
              </value>
            </param>
            <param index="1">
              <value>
                <![CDATA[222]]>
              </value>
            </param>
          </params>
          <reporter-output>
          </reporter-output>
        </test-method> <!-- addBook -->
        <test-method signature="addBook(java.lang.String,java.lang.String)[pri:0, instance:addBookAPIClasses.DynamicJson@3a93b025]" started-at="2026-02-23T15:23:53 IST" name="addBook" data-provider="getData" finished-at="2026-02-23T15:23:53 IST" duration-ms="258" status="PASS">
          <params>
            <param index="0">
              <value>
                <![CDATA[efg]]>
              </value>
            </param>
            <param index="1">
              <value>
                <![CDATA[333]]>
              </value>
            </param>
          </params>
          <reporter-output>
          </reporter-output>
        </test-method> <!-- addBook -->
        <test-method signature="addBook(java.lang.String,java.lang.String)[pri:0, instance:addBookAPIClasses.DynamicJson@3a93b025]" started-at="2026-02-23T15:23:53 IST" name="addBook" data-provider="getData" finished-at="2026-02-23T15:23:54 IST" duration-ms="224" status="PASS">
          <params>
            <param index="0">
              <value>
                <![CDATA[fgh]]>
              </value>
            </param>
            <param index="1">
              <value>
                <![CDATA[444]]>
              </value>
            </param>
          </params>
          <reporter-output>
          </reporter-output>
        </test-method> <!-- addBook -->
      </class> <!-- addBookAPIClasses.DynamicJson -->
    </test> <!-- Default test -->
  </suite> <!-- Default suite -->
</testng-results>
