<?xml version="1.0" encoding="UTF-8"?>
<!-- Generated by org.testng.reporters.JUnitReportReporter -->
<testsuite hostname="Hunter" failures="0" tests="3" name="addBookAPIClasses.DynamicJson" time="3.003" errors="0" timestamp="2026-01-26T12:45:05 IST" skipped="0">
  <testcase classname="addBookAPIClasses.DynamicJson" name="addBook" time="0.188"/>
  <testcase classname="addBookAPIClasses.DynamicJson" name="addBook" time="0.235"/>
  <testcase classname="addBookAPIClasses.DynamicJson" name="addBook" time="2.580"/>
</testsuite> <!-- addBookAPIClasses.DynamicJson -->
