<?xml version="1.0" encoding="UTF-8"?>
<!-- Generated by org.testng.reporters.JUnitReportReporter -->
<testsuite hostname="Hunter" failures="0" tests="3" name="addBookAPIClasses.DynamicJson" time="5.799" errors="0" timestamp="2026-02-23T15:23:54 IST" skipped="0">
  <testcase classname="addBookAPIClasses.DynamicJson" name="addBook" time="0.258"/>
  <testcase classname="addBookAPIClasses.DynamicJson" name="addBook" time="0.224"/>
  <testcase classname="addBookAPIClasses.DynamicJson" name="addBook" time="5.317"/>
</testsuite> <!-- addBookAPIClasses.DynamicJson -->
